<?xml version="1.0" encoding="UTF-8"?>
<!-- Generated by org.testng.reporters.JUnitXMLReporter -->
<testsuite hostname="DESKTOP-S94NNUM" ignored="0" name="Default test" tests="4" failures="0" timestamp="04 Jul 2019 13:54:34 GMT" time="23.988" errors="0">
  <testcase name="validateTitle" time="1.319" classname="com.Ritesh.tests.LoginTest1"/>
  <testcase name="validateLogo" time="0.066" classname="com.Ritesh.tests.LoginTest1"/>
  <testcase name="validateInvalidLogin" time="7.802" classname="com.Ritesh.tests.LoginTest1"/>
  <testcase name="validateValidLogin" time="6.159" classname="com.Ritesh.tests.LoginTest1"/>
</testsuite> <!-- Default test -->
