<?xml version="1.0" encoding="UTF-8"?>
<!-- Generated by org.testng.reporters.JUnitXMLReporter -->
<testsuite hostname="DESKTOP-S94NNUM" ignored="0" name="Test" tests="4" failures="0" timestamp="05 Jul 2019 10:23:02 GMT" time="20.139" errors="0">
  <testcase name="validateTitle" time="1.665" classname="com.Ritesh.tests.LoginTest1"/>
  <testcase name="validateLogo" time="0.109" classname="com.Ritesh.tests.LoginTest1"/>
  <testcase name="validateInvalidLogin" time="5.163" classname="com.Ritesh.tests.LoginTest1"/>
  <testcase name="validateValidLogin" time="6.486" classname="com.Ritesh.tests.LoginTest1"/>
</testsuite> <!-- Test -->
