<?xml version="1.0" encoding="UTF-8"?>
<testng-results skipped="0" failed="0" ignored="0" total="4" passed="4">
  <reporter-output>
  </reporter-output>
  <suite name="Suite" duration-ms="20139" started-at="2019-07-05T10:22:41Z" finished-at="2019-07-05T10:23:01Z">
    <groups>
    </groups>
    <test name="Test" duration-ms="20139" started-at="2019-07-05T10:22:41Z" finished-at="2019-07-05T10:23:01Z">
      <class name="com.Ritesh.tests.LoginTest1">
        <test-method status="PASS" signature="startApp()[pri:0, instance:com.Ritesh.tests.LoginTest1@d62f43]" name="startApp" is-config="true" duration-ms="6038" started-at="2019-07-05T10:22:41Z" finished-at="2019-07-05T10:22:47Z">
          <reporter-output>
          </reporter-output>
        </test-method> <!-- startApp -->
        <test-method status="PASS" signature="validateTitle()[pri:1, instance:com.Ritesh.tests.LoginTest1@d62f43]" name="validateTitle" duration-ms="1665" started-at="2019-07-05T10:22:47Z" finished-at="2019-07-05T10:22:49Z">
          <reporter-output>
          </reporter-output>
        </test-method> <!-- validateTitle -->
        <test-method status="PASS" signature="validateLogo()[pri:2, instance:com.Ritesh.tests.LoginTest1@d62f43]" name="validateLogo" duration-ms="109" started-at="2019-07-05T10:22:49Z" finished-at="2019-07-05T10:22:49Z">
          <reporter-output>
          </reporter-output>
        </test-method> <!-- validateLogo -->
        <test-method status="PASS" signature="validateInvalidLogin()[pri:3, instance:com.Ritesh.tests.LoginTest1@d62f43]" name="validateInvalidLogin" duration-ms="5163" started-at="2019-07-05T10:22:49Z" finished-at="2019-07-05T10:22:54Z">
          <reporter-output>
          </reporter-output>
        </test-method> <!-- validateInvalidLogin -->
        <test-method status="PASS" signature="validateValidLogin()[pri:4, instance:com.Ritesh.tests.LoginTest1@d62f43]" name="validateValidLogin" duration-ms="6486" started-at="2019-07-05T10:22:54Z" finished-at="2019-07-05T10:23:01Z">
          <reporter-output>
          </reporter-output>
        </test-method> <!-- validateValidLogin -->
        <test-method status="PASS" signature="tierDown()[pri:0, instance:com.Ritesh.tests.LoginTest1@d62f43]" name="tierDown" is-config="true" duration-ms="653" started-at="2019-07-05T10:23:01Z" finished-at="2019-07-05T10:23:01Z">
          <reporter-output>
          </reporter-output>
        </test-method> <!-- tierDown -->
      </class> <!-- com.Ritesh.tests.LoginTest1 -->
    </test> <!-- Test -->
  </suite> <!-- Suite -->
</testng-results>
